[ 2017-06-23T09:53:39+08:00 ] 127.0.0.1 /APTSecUI/
INFO: [ app_init ] --START--
INFO: Run Behavior\BuildLiteBehavior [ RunTime:0.000023s ]
INFO: [ app_init ] --END-- [ RunTime:0.018998s ]
INFO: [ app_begin ] --START--
INFO: Run Behavior\ReadHtmlCacheBehavior [ RunTime:0.026865s ]
INFO: [ app_begin ] --END-- [ RunTime:0.026952s ]

[ 2017-06-23T09:53:39+08:00 ] 127.0.0.1 /APTSecUI/index.php/Login/index.html
INFO: [ app_init ] --START--
INFO: Run Behavior\BuildLiteBehavior [ RunTime:0.000018s ]
INFO: [ app_init ] --END-- [ RunTime:0.000626s ]
INFO: [ app_begin ] --START--
INFO: Run Behavior\ReadHtmlCacheBehavior [ RunTime:0.000671s ]
INFO: [ app_begin ] --END-- [ RunTime:0.000747s ]
INFO: [ view_parse ] --START--
INFO: [ template_filter ] --START--
INFO: Run Behavior\ContentReplaceBehavior [ RunTime:0.000138s ]
INFO: [ template_filter ] --END-- [ RunTime:0.000209s ]
INFO: Run Behavior\ParseTemplateBehavior [ RunTime:0.327127s ]
INFO: [ view_parse ] --END-- [ RunTime:0.327221s ]
INFO: [ view_filter ] --START--
INFO: Run Behavior\WriteHtmlCacheBehavior [ RunTime:0.021623s ]
INFO: [ view_filter ] --END-- [ RunTime:0.021678s ]
INFO: [ app_end ] --START--
INFO: Run Behavior\ShowPageTraceBehavior [ RunTime:0.013971s ]
INFO: [ app_end ] --END-- [ RunTime:0.014034s ]

[ 2017-06-23T09:53:43+08:00 ] 127.0.0.1 /APTSecUI/index.php/Home/Login/verify
INFO: [ app_init ] --START--
INFO: Run Behavior\BuildLiteBehavior [ RunTime:0.000015s ]
INFO: [ app_init ] --END-- [ RunTime:0.000443s ]
INFO: [ app_begin ] --START--
INFO: Run Behavior\ReadHtmlCacheBehavior [ RunTime:0.001243s ]
INFO: [ app_begin ] --END-- [ RunTime:0.001354s ]
INFO: [ app_end ] --START--
INFO: Run Behavior\ShowPageTraceBehavior [ RunTime:0.000697s ]
INFO: [ app_end ] --END-- [ RunTime:0.000766s ]

[ 2017-06-23T09:54:07+08:00 ] 127.0.0.1 /APTSecUI/index.php/Home/Login/indexOK
INFO: [ app_init ] --START--
INFO: Run Behavior\BuildLiteBehavior [ RunTime:0.000020s ]
INFO: [ app_init ] --END-- [ RunTime:0.000619s ]
INFO: [ app_begin ] --START--
INFO: Run Behavior\ReadHtmlCacheBehavior [ RunTime:0.000796s ]
INFO: [ app_begin ] --END-- [ RunTime:0.000900s ]
SQL: SHOW COLUMNS FROM `users` [ RunTime:0.1442s ]
SQL: SELECT * FROM `users` WHERE `user_login` = 'admin' AND `user_pass` = '0b4e7a0e5fe84ad35fb5f95b9ceeac79' LIMIT 1   [ RunTime:0.0169s ]
SQL: UPDATE `users` SET `last_login_time`='1498182847',`last_login_ip`='127.0.0.1' WHERE `id` = 1 [ RunTime:0.1405s ]

[ 2017-06-23T09:54:09+08:00 ] 127.0.0.1 /APTSecUI/index.php/Vir/index.html
INFO: [ app_init ] --START--
INFO: Run Behavior\BuildLiteBehavior [ RunTime:0.000023s ]
INFO: [ app_init ] --END-- [ RunTime:0.000739s ]
INFO: [ app_begin ] --START--
INFO: Run Behavior\ReadHtmlCacheBehavior [ RunTime:0.000717s ]
INFO: [ app_begin ] --END-- [ RunTime:0.000902s ]
SQL: SHOW COLUMNS FROM `users` [ RunTime:0.0173s ]
SQL: UPDATE `users` SET `last_login_time`='1498182848',`last_login_ip`='127.0.0.1' WHERE `id` = 1 [ RunTime:0.0880s ]
NOTIC: [8] Undefined variable: think D:\www\APTSecUI\Application\Home\Controller\CommonController.class.php 第 17 行.
NOTIC: [8] Undefined variable: think D:\www\APTSecUI\Application\Home\Controller\CommonController.class.php 第 18 行.
NOTIC: [8] Undefined variable: think D:\www\APTSecUI\Application\Home\Controller\CommonController.class.php 第 19 行.
INFO: [ view_parse ] --START--
INFO: [ template_filter ] --START--
INFO: Run Behavior\ContentReplaceBehavior [ RunTime:0.000727s ]
INFO: [ template_filter ] --END-- [ RunTime:0.000830s ]
INFO: Run Behavior\ParseTemplateBehavior [ RunTime:0.876987s ]
INFO: [ view_parse ] --END-- [ RunTime:0.877085s ]
INFO: [ view_filter ] --START--
INFO: Run Behavior\WriteHtmlCacheBehavior [ RunTime:0.000405s ]
INFO: [ view_filter ] --END-- [ RunTime:0.000464s ]
INFO: [ app_end ] --START--
INFO: Run Behavior\ShowPageTraceBehavior [ RunTime:0.001598s ]
INFO: [ app_end ] --END-- [ RunTime:0.001712s ]

[ 2017-06-23T09:54:54+08:00 ] 127.0.0.1 /APTSecUI/index.php/Home/Vir/indexdata
INFO: [ app_init ] --START--
INFO: Run Behavior\BuildLiteBehavior [ RunTime:0.000016s ]
INFO: [ app_init ] --END-- [ RunTime:0.000562s ]
INFO: [ app_begin ] --START--
INFO: Run Behavior\ReadHtmlCacheBehavior [ RunTime:0.000581s ]
INFO: [ app_begin ] --END-- [ RunTime:0.000630s ]
SQL: SHOW COLUMNS FROM `users` [ RunTime:0.0490s ]
SQL: UPDATE `users` SET `last_login_time`='1498182851',`last_login_ip`='127.0.0.1' WHERE `id` = 1 [ RunTime:0.3951s ]
NOTIC: [8] Undefined variable: think D:\www\APTSecUI\Application\Home\Controller\CommonController.class.php 第 17 行.
NOTIC: [8] Undefined variable: think D:\www\APTSecUI\Application\Home\Controller\CommonController.class.php 第 18 行.
NOTIC: [8] Undefined variable: think D:\www\APTSecUI\Application\Home\Controller\CommonController.class.php 第 19 行.
NOTIC: [2] Invalid argument supplied for foreach() D:\www\APTSecUI\Application\Home\Controller\VirController.class.php 第 29 行.

[ 2017-06-23T09:56:23+08:00 ] 127.0.0.1 /APTSecUI/index.php/Setting/safereportset
INFO: [ app_init ] --START--
INFO: Run Behavior\BuildLiteBehavior [ RunTime:0.000029s ]
INFO: [ app_init ] --END-- [ RunTime:0.011797s ]
INFO: [ app_begin ] --START--
INFO: Run Behavior\ReadHtmlCacheBehavior [ RunTime:0.016987s ]
INFO: [ app_begin ] --END-- [ RunTime:0.017054s ]
SQL: SHOW COLUMNS FROM `users` [ RunTime:0.0183s ]
SQL: UPDATE `users` SET `last_login_time`='1498182983',`last_login_ip`='127.0.0.1' WHERE `id` = 1 [ RunTime:0.0994s ]
NOTIC: [8] Undefined variable: think D:\www\APTSecUI\Application\Home\Controller\CommonController.class.php 第 17 行.
NOTIC: [8] Undefined variable: think D:\www\APTSecUI\Application\Home\Controller\CommonController.class.php 第 18 行.
NOTIC: [8] Undefined variable: think D:\www\APTSecUI\Application\Home\Controller\CommonController.class.php 第 19 行.
SQL: SHOW COLUMNS FROM `attack_name` [ RunTime:0.0497s ]
SQL: SELECT * FROM `attack_name` WHERE ( sel=1 )  [ RunTime:0.0008s ]
INFO: [ view_parse ] --START--
INFO: [ template_filter ] --START--
INFO: Run Behavior\ContentReplaceBehavior [ RunTime:0.000337s ]
INFO: [ template_filter ] --END-- [ RunTime:0.000393s ]
INFO: Run Behavior\ParseTemplateBehavior [ RunTime:0.462045s ]
INFO: [ view_parse ] --END-- [ RunTime:0.462145s ]
INFO: [ view_filter ] --START--
INFO: Run Behavior\WriteHtmlCacheBehavior [ RunTime:0.011973s ]
INFO: [ view_filter ] --END-- [ RunTime:0.012039s ]
INFO: [ app_end ] --START--
INFO: Run Behavior\ShowPageTraceBehavior [ RunTime:0.009831s ]
INFO: [ app_end ] --END-- [ RunTime:0.009903s ]

[ 2017-06-23T09:56:30+08:00 ] 127.0.0.1 /APTSecUI/index.php/Home/Setting/attack_change_sel
INFO: [ app_init ] --START--
INFO: Run Behavior\BuildLiteBehavior [ RunTime:0.000011s ]
INFO: [ app_init ] --END-- [ RunTime:0.000342s ]
INFO: [ app_begin ] --START--
INFO: Run Behavior\ReadHtmlCacheBehavior [ RunTime:0.000389s ]
INFO: [ app_begin ] --END-- [ RunTime:0.000432s ]
SQL: SHOW COLUMNS FROM `users` [ RunTime:0.0543s ]
SQL: UPDATE `users` SET `last_login_time`='1498182990',`last_login_ip`='127.0.0.1' WHERE `id` = 1 [ RunTime:0.0912s ]
NOTIC: [8] Undefined variable: think D:\www\APTSecUI\Application\Home\Controller\CommonController.class.php 第 17 行.
NOTIC: [8] Undefined variable: think D:\www\APTSecUI\Application\Home\Controller\CommonController.class.php 第 18 行.
NOTIC: [8] Undefined variable: think D:\www\APTSecUI\Application\Home\Controller\CommonController.class.php 第 19 行.
SQL: SHOW COLUMNS FROM `attack_name` [ RunTime:0.0103s ]
SQL: SELECT `id` FROM `attack_name` WHERE ( sel=0 )  [ RunTime:0.0004s ]
SQL: UPDATE `attack_name` SET `sel`='1' WHERE `id` IN ('4','5','7','8','9') [ RunTime:0.0807s ]

[ 2017-06-23T09:56:31+08:00 ] 127.0.0.1 /APTSecUI/index.php/Setting/safereportset
INFO: [ app_init ] --START--
INFO: Run Behavior\BuildLiteBehavior [ RunTime:0.000011s ]
INFO: [ app_init ] --END-- [ RunTime:0.000375s ]
INFO: [ app_begin ] --START--
INFO: Run Behavior\ReadHtmlCacheBehavior [ RunTime:0.000453s ]
INFO: [ app_begin ] --END-- [ RunTime:0.000497s ]
SQL: SHOW COLUMNS FROM `users` [ RunTime:0.0072s ]
SQL: UPDATE `users` SET `last_login_time`='1498182990',`last_login_ip`='127.0.0.1' WHERE `id` = 1 [ RunTime:0.0455s ]
NOTIC: [8] Undefined variable: think D:\www\APTSecUI\Application\Home\Controller\CommonController.class.php 第 17 行.
NOTIC: [8] Undefined variable: think D:\www\APTSecUI\Application\Home\Controller\CommonController.class.php 第 18 行.
NOTIC: [8] Undefined variable: think D:\www\APTSecUI\Application\Home\Controller\CommonController.class.php 第 19 行.
SQL: SHOW COLUMNS FROM `attack_name` [ RunTime:0.0087s ]
SQL: SELECT * FROM `attack_name` WHERE ( sel=1 )  [ RunTime:0.0011s ]
INFO: [ view_parse ] --START--
INFO: [ template_filter ] --START--
INFO: Run Behavior\ContentReplaceBehavior [ RunTime:0.000432s ]
INFO: [ template_filter ] --END-- [ RunTime:0.000494s ]
INFO: Run Behavior\ParseTemplateBehavior [ RunTime:0.235095s ]
INFO: [ view_parse ] --END-- [ RunTime:0.235234s ]
INFO: [ view_filter ] --START--
INFO: Run Behavior\WriteHtmlCacheBehavior [ RunTime:0.000416s ]
INFO: [ view_filter ] --END-- [ RunTime:0.000466s ]
INFO: [ app_end ] --START--
INFO: Run Behavior\ShowPageTraceBehavior [ RunTime:0.001153s ]
INFO: [ app_end ] --END-- [ RunTime:0.001250s ]

[ 2017-06-23T09:56:38+08:00 ] 127.0.0.1 /APTSecUI/index.php/Setting/index
INFO: [ app_init ] --START--
INFO: Run Behavior\BuildLiteBehavior [ RunTime:0.000011s ]
INFO: [ app_init ] --END-- [ RunTime:0.000351s ]
INFO: [ app_begin ] --START--
INFO: Run Behavior\ReadHtmlCacheBehavior [ RunTime:0.000454s ]
INFO: [ app_begin ] --END-- [ RunTime:0.000498s ]
SQL: SHOW COLUMNS FROM `users` [ RunTime:0.0481s ]
SQL: UPDATE `users` SET `last_login_time`='1498182997',`last_login_ip`='127.0.0.1' WHERE `id` = 1 [ RunTime:0.0787s ]
NOTIC: [8] Undefined variable: think D:\www\APTSecUI\Application\Home\Controller\CommonController.class.php 第 17 行.
NOTIC: [8] Undefined variable: think D:\www\APTSecUI\Application\Home\Controller\CommonController.class.php 第 18 行.
NOTIC: [8] Undefined variable: think D:\www\APTSecUI\Application\Home\Controller\CommonController.class.php 第 19 行.
SQL: SHOW COLUMNS FROM `attack_name` [ RunTime:0.0884s ]
SQL: SELECT * FROM `attack_name` WHERE ( sel=1 )  [ RunTime:0.0007s ]
INFO: [ view_parse ] --START--
INFO: [ template_filter ] --START--
INFO: Run Behavior\ContentReplaceBehavior [ RunTime:0.000441s ]
INFO: [ template_filter ] --END-- [ RunTime:0.000497s ]
NOTIC: [8] Undefined variable: template_data D:\www\APTSecUI\Application\Runtime\Cache\Home\a01ae2a8dee0fe950a2b93c1171062ef.php 第 610 行.
INFO: Run Behavior\ParseTemplateBehavior [ RunTime:0.318032s ]
INFO: [ view_parse ] --END-- [ RunTime:0.318101s ]
INFO: [ view_filter ] --START--
INFO: Run Behavior\WriteHtmlCacheBehavior [ RunTime:0.000281s ]
INFO: [ view_filter ] --END-- [ RunTime:0.000315s ]
INFO: [ app_end ] --START--
INFO: Run Behavior\ShowPageTraceBehavior [ RunTime:0.000696s ]
INFO: [ app_end ] --END-- [ RunTime:0.000745s ]

[ 2017-06-23T09:58:30+08:00 ] 127.0.0.1 /APTSecUI/index.php/Setting/index
INFO: [ app_init ] --START--
INFO: Run Behavior\BuildLiteBehavior [ RunTime:0.000013s ]
INFO: [ app_init ] --END-- [ RunTime:0.000501s ]
INFO: [ app_begin ] --START--
INFO: Run Behavior\ReadHtmlCacheBehavior [ RunTime:0.001339s ]
INFO: [ app_begin ] --END-- [ RunTime:0.001475s ]
SQL: SHOW COLUMNS FROM `users` [ RunTime:0.0153s ]
SQL: UPDATE `users` SET `last_login_time`='1498183110',`last_login_ip`='127.0.0.1' WHERE `id` = 1 [ RunTime:0.0761s ]
NOTIC: [8] Undefined variable: think D:\www\APTSecUI\Application\Home\Controller\CommonController.class.php 第 17 行.
NOTIC: [8] Undefined variable: think D:\www\APTSecUI\Application\Home\Controller\CommonController.class.php 第 18 行.
NOTIC: [8] Undefined variable: think D:\www\APTSecUI\Application\Home\Controller\CommonController.class.php 第 19 行.
SQL: SHOW COLUMNS FROM `attack_name` [ RunTime:0.0075s ]
SQL: SELECT * FROM `attack_name` WHERE ( sel=1 )  [ RunTime:0.0005s ]
INFO: [ view_parse ] --START--
INFO: [ template_filter ] --START--
INFO: Run Behavior\ContentReplaceBehavior [ RunTime:0.000535s ]
INFO: [ template_filter ] --END-- [ RunTime:0.000601s ]
NOTIC: [8] Undefined variable: template_data D:\www\APTSecUI\Application\Runtime\Cache\Home\a01ae2a8dee0fe950a2b93c1171062ef.php 第 610 行.
INFO: Run Behavior\ParseTemplateBehavior [ RunTime:0.268532s ]
INFO: [ view_parse ] --END-- [ RunTime:0.268590s ]
INFO: [ view_filter ] --START--
INFO: Run Behavior\WriteHtmlCacheBehavior [ RunTime:0.000393s ]
INFO: [ view_filter ] --END-- [ RunTime:0.000433s ]
INFO: [ app_end ] --START--
INFO: Run Behavior\ShowPageTraceBehavior [ RunTime:0.003174s ]
INFO: [ app_end ] --END-- [ RunTime:0.003284s ]

[ 2017-06-23T10:03:50+08:00 ] 127.0.0.1 /APTSecUI/index.php/Setting/index
INFO: [ app_init ] --START--
INFO: Run Behavior\BuildLiteBehavior [ RunTime:0.000020s ]
INFO: [ app_init ] --END-- [ RunTime:0.000417s ]
INFO: [ app_begin ] --START--
INFO: Run Behavior\ReadHtmlCacheBehavior [ RunTime:0.000723s ]
INFO: [ app_begin ] --END-- [ RunTime:0.000804s ]
SQL: SHOW COLUMNS FROM `users` [ RunTime:0.0139s ]
SQL: UPDATE `users` SET `last_login_time`='1498183429',`last_login_ip`='127.0.0.1' WHERE `id` = 1 [ RunTime:0.1262s ]
NOTIC: [8] Undefined variable: think D:\www\APTSecUI\Application\Home\Controller\CommonController.class.php 第 17 行.
NOTIC: [8] Undefined variable: think D:\www\APTSecUI\Application\Home\Controller\CommonController.class.php 第 18 行.
NOTIC: [8] Undefined variable: think D:\www\APTSecUI\Application\Home\Controller\CommonController.class.php 第 19 行.
SQL: SHOW COLUMNS FROM `attack_name` [ RunTime:0.0113s ]
SQL: SELECT * FROM `attack_name` WHERE ( sel=1 )  [ RunTime:0.0012s ]
INFO: [ view_parse ] --START--
INFO: [ template_filter ] --START--
INFO: Run Behavior\ContentReplaceBehavior [ RunTime:0.000643s ]
INFO: [ template_filter ] --END-- [ RunTime:0.000727s ]
NOTIC: [8] Undefined variable: template_data D:\www\APTSecUI\Application\Runtime\Cache\Home\a01ae2a8dee0fe950a2b93c1171062ef.php 第 610 行.
INFO: Run Behavior\ParseTemplateBehavior [ RunTime:0.259007s ]
INFO: [ view_parse ] --END-- [ RunTime:0.259111s ]
INFO: [ view_filter ] --START--
INFO: Run Behavior\WriteHtmlCacheBehavior [ RunTime:0.000425s ]
INFO: [ view_filter ] --END-- [ RunTime:0.000462s ]
INFO: [ app_end ] --START--
INFO: Run Behavior\ShowPageTraceBehavior [ RunTime:0.001204s ]
INFO: [ app_end ] --END-- [ RunTime:0.001308s ]

